<?xml version="1.0" encoding="UTF-8"?>
<!-- Generated by org.testng.reporters.JUnitReportReporter -->
<testsuite hostname="DESKTOP-83R7B7G" failures="0" tests="1" name="sreedhar.E2EProject.Homepage" time="9.280" errors="0" timestamp="2020-11-10T19:30:43 GMT" skipped="0">
  <testcase classname="sreedhar.E2EProject.Homepage" name="pagenavigation" time="9.280"/>
  <system-out/>
</testsuite> <!-- sreedhar.E2EProject.Homepage -->
