<?xml version="1.0" encoding="UTF-8"?>
<!-- Generated by org.testng.reporters.JUnitReportReporter -->
<testsuite hostname="DESKTOP-83R7B7G" failures="0" tests="2" name="sreedhar.cvlibrary.Homepage" time="41.089" errors="0" timestamp="2020-11-25T11:13:40 GMT" skipped="0">
  <testcase classname="sreedhar.cvlibrary.Homepage" name="pagenavigation" time="20.897"/>
  <system-out/>
  <testcase classname="sreedhar.cvlibrary.Homepage" name="pagenavigation" time="20.192"/>
  <system-out/>
</testsuite> <!-- sreedhar.cvlibrary.Homepage -->
